2024-02-22 22:30:04,705 - INFO - running / ... for user <User 1> ... portfolio.cash is: 5326.1
2024-02-22 22:30:26,095 - INFO - running setup... SQLAlchemy Engine URL is sqlite:////home/thebuleganteng/MyFinance50_public/finance.sqlite
2024-02-22 22:30:26,097 - INFO - running setup... db.create_all has run
2024-02-22 22:30:26,124 - INFO - running setup... SQLAlchemy Engine URL is sqlite:////home/thebuleganteng/MyFinance50_public/finance.sqlite
2024-02-22 22:30:26,126 - INFO - running setup... db.create_all has run
2024-02-22 22:31:03,869 - INFO - running setup... SQLAlchemy Engine URL is sqlite:////home/thebuleganteng/MyFinance50_public/finance.sqlite
2024-02-22 22:31:03,873 - INFO - running setup... db.create_all has run
2024-02-22 22:31:33,565 - INFO - running setup... SQLAlchemy Engine URL is sqlite:////home/thebuleganteng/MyFinance50_public/finance.sqlite
2024-02-22 22:31:33,567 - INFO - running setup... db.create_all has run
2024-02-22 22:31:34,770 - INFO - running setup... SQLAlchemy Engine URL is sqlite:////home/thebuleganteng/MyFinance50_public/finance.sqlite
2024-02-22 22:31:34,771 - INFO - running setup... db.create_all has run
2024-02-22 22:32:05,286 - INFO - running setup... SQLAlchemy Engine URL is sqlite:////home/thebuleganteng/MyFinance50_public/finance.sqlite
2024-02-22 22:32:05,287 - INFO - running setup... db.create_all has run
2024-02-22 22:32:07,449 - INFO - running setup... SQLAlchemy Engine URL is sqlite:////home/thebuleganteng/MyFinance50_public/finance.sqlite
2024-02-22 22:32:07,450 - INFO - running setup... db.create_all has run
2024-02-22 22:32:37,928 - INFO - running setup... SQLAlchemy Engine URL is sqlite:////home/thebuleganteng/MyFinance50_public/finance.sqlite
2024-02-22 22:32:37,930 - INFO - running setup... db.create_all has run
2024-02-22 22:34:40,614 - INFO - running setup... SQLAlchemy Engine URL is sqlite:////home/thebuleganteng/MyFinance50_public/finance.sqlite
2024-02-22 22:34:40,614 - INFO - running setup... SQLAlchemy Engine URL is sqlite:////home/thebuleganteng/MyFinance50_public/finance.sqlite
2024-02-22 22:34:40,617 - INFO - running setup... db.create_all has run
2024-02-22 22:34:40,617 - INFO - running setup... db.create_all has run
2024-02-22 22:47:28,242 - INFO - running setup... SQLAlchemy Engine URL is sqlite:////home/thebuleganteng/MyFinance50_public/finance.sqlite
2024-02-22 22:47:28,244 - INFO - running setup... db.create_all has run
2024-02-22 22:55:08,599 - INFO - running setup... SQLAlchemy Engine URL is sqlite:////home/thebuleganteng/MyFinance50_public/finance.sqlite
2024-02-22 22:55:08,601 - INFO - running setup... db.create_all has run
2024-02-22 22:55:08,674 - INFO - running setup... SQLAlchemy Engine URL is sqlite:////home/thebuleganteng/MyFinance50_public/finance.sqlite
2024-02-22 22:55:08,676 - INFO - running setup... db.create_all has run
2024-02-22 22:55:14,291 - INFO - running / ...  starting /  
2024-02-22 22:55:14,291 - INFO - running / ... database URL is: /home/thebuleganteng/MyFinance50_public/finance.sqlite
2024-02-22 22:55:14,291 - INFO - running / ... session.get(user) is: 1
2024-02-22 22:55:14,291 - INFO - running / ... CSRF token is: 9cf076fc8cbd9706c6ce13a60987c8c46d1014d9
2024-02-22 22:55:14,305 - INFO - running /...  user is: <User 1>
2024-02-22 22:55:20,589 - INFO - running / ... for user <User 1> ... portfolio.cash is: 5326.1
